<?xml version="1.0" encoding="UTF-8"?>
<!-- Generated by org.testng.reporters.JUnitReportReporter -->
<testsuite hostname="DESKTOP-11UCV8M" failures="0" tests="34" name="runner.TestNgRunner" time="122.667" errors="0" timestamp="2025-06-25T03:40:12 IST" skipped="0">
  <testcase classname="runner.TestNgRunner" name="runScenario" time="3.204"/>
  <testcase classname="runner.TestNgRunner" name="runScenario" time="3.014"/>
  <testcase classname="runner.TestNgRunner" name="runScenario" time="3.853"/>
  <testcase classname="runner.TestNgRunner" name="runScenario" time="3.757"/>
  <testcase classname="runner.TestNgRunner" name="runScenario" time="2.930"/>
  <testcase classname="runner.TestNgRunner" name="runScenario" time="4.263"/>
  <testcase classname="runner.TestNgRunner" name="runScenario" time="3.024"/>
  <testcase classname="runner.TestNgRunner" name="runScenario" time="8.299"/>
  <testcase classname="runner.TestNgRunner" name="runScenario" time="3.518"/>
  <testcase classname="runner.TestNgRunner" name="runScenario" time="4.513"/>
  <testcase classname="runner.TestNgRunner" name="runScenario" time="3.868"/>
  <testcase classname="runner.TestNgRunner" name="runScenario" time="2.992"/>
  <testcase classname="runner.TestNgRunner" name="runScenario" time="2.734"/>
  <testcase classname="runner.TestNgRunner" name="runScenario" time="3.003"/>
  <testcase classname="runner.TestNgRunner" name="runScenario" time="3.111"/>
  <testcase classname="runner.TestNgRunner" name="runScenario" time="3.599"/>
  <testcase classname="runner.TestNgRunner" name="runScenario" time="3.952"/>
  <testcase classname="runner.TestNgRunner" name="runScenario" time="3.931"/>
  <testcase classname="runner.TestNgRunner" name="runScenario" time="3.054"/>
  <testcase classname="runner.TestNgRunner" name="runScenario" time="2.790"/>
  <testcase classname="runner.TestNgRunner" name="runScenario" time="3.653"/>
  <testcase classname="runner.TestNgRunner" name="runScenario" time="3.841"/>
  <testcase classname="runner.TestNgRunner" name="runScenario" time="2.933"/>
  <testcase classname="runner.TestNgRunner" name="runScenario" time="3.076"/>
  <testcase classname="runner.TestNgRunner" name="runScenario" time="3.484"/>
  <testcase classname="runner.TestNgRunner" name="runScenario" time="3.449"/>
  <testcase classname="runner.TestNgRunner" name="runScenario" time="3.958"/>
  <testcase classname="runner.TestNgRunner" name="runScenario" time="3.041"/>
  <testcase classname="runner.TestNgRunner" name="runScenario" time="3.741"/>
  <testcase classname="runner.TestNgRunner" name="runScenario" time="3.515"/>
  <testcase classname="runner.TestNgRunner" name="runScenario" time="2.924"/>
  <testcase classname="runner.TestNgRunner" name="runScenario" time="4.120"/>
  <testcase classname="runner.TestNgRunner" name="runScenario" time="3.713"/>
  <testcase classname="runner.TestNgRunner" name="runScenario" time="3.810"/>
</testsuite> <!-- runner.TestNgRunner -->
