<?xml version="1.0" encoding="UTF-8"?>
<!-- Generated by org.testng.reporters.JUnitReportReporter -->
<testsuite hostname="DESKTOP-11UCV8M" failures="0" tests="7" name="runner.SmokeTestNgRunner" time="23.290" errors="0" timestamp="2025-06-24T13:46:10 IST" skipped="0">
  <testcase classname="runner.SmokeTestNgRunner" name="runScenario" time="3.085"/>
  <testcase classname="runner.SmokeTestNgRunner" name="runScenario" time="2.809"/>
  <testcase classname="runner.SmokeTestNgRunner" name="runScenario" time="2.850"/>
  <testcase classname="runner.SmokeTestNgRunner" name="runScenario" time="3.520"/>
  <testcase classname="runner.SmokeTestNgRunner" name="runScenario" time="3.797"/>
  <testcase classname="runner.SmokeTestNgRunner" name="runScenario" time="2.862"/>
  <testcase classname="runner.SmokeTestNgRunner" name="runScenario" time="4.367"/>
</testsuite> <!-- runner.SmokeTestNgRunner -->
