<?xml version="1.0" encoding="UTF-8"?>
<!-- Generated by org.testng.reporters.JUnitReportReporter -->
<testsuite hostname="DESKTOP-11UCV8M" failures="0" tests="2" name="runner.SanityTestRunner" time="7.118" errors="0" timestamp="2025-06-24T02:37:32 IST" skipped="0">
  <testcase classname="runner.SanityTestRunner" name="runScenario" time="2.937"/>
  <testcase classname="runner.SanityTestRunner" name="runScenario" time="4.181"/>
</testsuite> <!-- runner.SanityTestRunner -->
