<?xml version="1.0" encoding="UTF-8"?>
<!-- Generated by org.testng.reporters.JUnitReportReporter -->
<testsuite hostname="DESKTOP-11UCV8M" failures="0" tests="4" name="runner.RegressionTestNGTestRunner" time="21.965" errors="0" timestamp="2025-06-24T02:44:17 IST" skipped="0">
  <testcase classname="runner.RegressionTestNGTestRunner" name="runScenario" time="3.412"/>
  <testcase classname="runner.RegressionTestNGTestRunner" name="runScenario" time="5.356"/>
  <testcase classname="runner.RegressionTestNGTestRunner" name="runScenario" time="9.080"/>
  <testcase classname="runner.RegressionTestNGTestRunner" name="runScenario" time="4.117"/>
</testsuite> <!-- runner.RegressionTestNGTestRunner -->
