<?xml version="1.0" encoding="UTF-8"?>
<!-- Generated by org.testng.reporters.JUnitReportReporter -->
<testsuite hostname="DESKTOP-11UCV8M" failures="0" tests="34" name="runner.TestNgRunner" time="244.577" errors="0" timestamp="2025-06-25T06:48:26 IST" skipped="0">
  <testcase classname="runner.TestNgRunner" name="runScenario" time="8.835"/>
  <testcase classname="runner.TestNgRunner" name="runScenario" time="8.654"/>
  <testcase classname="runner.TestNgRunner" name="runScenario" time="7.011"/>
  <testcase classname="runner.TestNgRunner" name="runScenario" time="7.544"/>
  <testcase classname="runner.TestNgRunner" name="runScenario" time="6.200"/>
  <testcase classname="runner.TestNgRunner" name="runScenario" time="7.594"/>
  <testcase classname="runner.TestNgRunner" name="runScenario" time="6.260"/>
  <testcase classname="runner.TestNgRunner" name="runScenario" time="5.884"/>
  <testcase classname="runner.TestNgRunner" name="runScenario" time="6.730"/>
  <testcase classname="runner.TestNgRunner" name="runScenario" time="7.846"/>
  <testcase classname="runner.TestNgRunner" name="runScenario" time="8.311"/>
  <testcase classname="runner.TestNgRunner" name="runScenario" time="6.088"/>
  <testcase classname="runner.TestNgRunner" name="runScenario" time="6.157"/>
  <testcase classname="runner.TestNgRunner" name="runScenario" time="7.236"/>
  <testcase classname="runner.TestNgRunner" name="runScenario" time="6.237"/>
  <testcase classname="runner.TestNgRunner" name="runScenario" time="8.416"/>
  <testcase classname="runner.TestNgRunner" name="runScenario" time="9.547"/>
  <testcase classname="runner.TestNgRunner" name="runScenario" time="6.667"/>
  <testcase classname="runner.TestNgRunner" name="runScenario" time="6.340"/>
  <testcase classname="runner.TestNgRunner" name="runScenario" time="8.367"/>
  <testcase classname="runner.TestNgRunner" name="runScenario" time="7.649"/>
  <testcase classname="runner.TestNgRunner" name="runScenario" time="6.935"/>
  <testcase classname="runner.TestNgRunner" name="runScenario" time="6.137"/>
  <testcase classname="runner.TestNgRunner" name="runScenario" time="6.767"/>
  <testcase classname="runner.TestNgRunner" name="runScenario" time="7.450"/>
  <testcase classname="runner.TestNgRunner" name="runScenario" time="6.945"/>
  <testcase classname="runner.TestNgRunner" name="runScenario" time="7.868"/>
  <testcase classname="runner.TestNgRunner" name="runScenario" time="6.245"/>
  <testcase classname="runner.TestNgRunner" name="runScenario" time="6.056"/>
  <testcase classname="runner.TestNgRunner" name="runScenario" time="7.094"/>
  <testcase classname="runner.TestNgRunner" name="runScenario" time="6.105"/>
  <testcase classname="runner.TestNgRunner" name="runScenario" time="11.307"/>
  <testcase classname="runner.TestNgRunner" name="runScenario" time="6.499"/>
  <testcase classname="runner.TestNgRunner" name="runScenario" time="5.596"/>
</testsuite> <!-- runner.TestNgRunner -->
