<?xml version="1.0" encoding="UTF-8"?>
<!-- Generated by org.testng.reporters.JUnitReportReporter -->
<testsuite hostname="DESKTOP-11UCV8M" failures="0" tests="21" name="runner.SanityTestNgRunner" time="84.849" errors="0" timestamp="2025-06-25T02:42:55 IST" skipped="0">
  <testcase classname="runner.SanityTestNgRunner" name="runScenario" time="2.915"/>
  <testcase classname="runner.SanityTestNgRunner" name="runScenario" time="4.010"/>
  <testcase classname="runner.SanityTestNgRunner" name="runScenario" time="4.239"/>
  <testcase classname="runner.SanityTestNgRunner" name="runScenario" time="3.790"/>
  <testcase classname="runner.SanityTestNgRunner" name="runScenario" time="4.237"/>
  <testcase classname="runner.SanityTestNgRunner" name="runScenario" time="4.176"/>
  <testcase classname="runner.SanityTestNgRunner" name="runScenario" time="3.123"/>
  <testcase classname="runner.SanityTestNgRunner" name="runScenario" time="4.083"/>
  <testcase classname="runner.SanityTestNgRunner" name="runScenario" time="4.490"/>
  <testcase classname="runner.SanityTestNgRunner" name="runScenario" time="3.707"/>
  <testcase classname="runner.SanityTestNgRunner" name="runScenario" time="5.503"/>
  <testcase classname="runner.SanityTestNgRunner" name="runScenario" time="2.914"/>
  <testcase classname="runner.SanityTestNgRunner" name="runScenario" time="6.311"/>
  <testcase classname="runner.SanityTestNgRunner" name="runScenario" time="3.402"/>
  <testcase classname="runner.SanityTestNgRunner" name="runScenario" time="4.353"/>
  <testcase classname="runner.SanityTestNgRunner" name="runScenario" time="4.288"/>
  <testcase classname="runner.SanityTestNgRunner" name="runScenario" time="3.953"/>
  <testcase classname="runner.SanityTestNgRunner" name="runScenario" time="3.961"/>
  <testcase classname="runner.SanityTestNgRunner" name="runScenario" time="4.007"/>
  <testcase classname="runner.SanityTestNgRunner" name="runScenario" time="3.975"/>
  <testcase classname="runner.SanityTestNgRunner" name="runScenario" time="3.412"/>
</testsuite> <!-- runner.SanityTestNgRunner -->
