<?xml version="1.0" encoding="UTF-8"?>
<!-- Generated by org.testng.reporters.JUnitReportReporter -->
<testsuite hostname="DESKTOP-11UCV8M" failures="0" tests="21" name="runner.RegressionTestNgRunner" time="90.440" errors="0" timestamp="2025-06-25T03:04:19 IST" skipped="0">
  <testcase classname="runner.RegressionTestNgRunner" name="runScenario" time="3.929"/>
  <testcase classname="runner.RegressionTestNgRunner" name="runScenario" time="3.236"/>
  <testcase classname="runner.RegressionTestNgRunner" name="runScenario" time="4.059"/>
  <testcase classname="runner.RegressionTestNgRunner" name="runScenario" time="4.562"/>
  <testcase classname="runner.RegressionTestNgRunner" name="runScenario" time="3.660"/>
  <testcase classname="runner.RegressionTestNgRunner" name="runScenario" time="3.977"/>
  <testcase classname="runner.RegressionTestNgRunner" name="runScenario" time="3.847"/>
  <testcase classname="runner.RegressionTestNgRunner" name="runScenario" time="4.144"/>
  <testcase classname="runner.RegressionTestNgRunner" name="runScenario" time="4.036"/>
  <testcase classname="runner.RegressionTestNgRunner" name="runScenario" time="3.700"/>
  <testcase classname="runner.RegressionTestNgRunner" name="runScenario" time="4.789"/>
  <testcase classname="runner.RegressionTestNgRunner" name="runScenario" time="10.778"/>
  <testcase classname="runner.RegressionTestNgRunner" name="runScenario" time="3.706"/>
  <testcase classname="runner.RegressionTestNgRunner" name="runScenario" time="3.764"/>
  <testcase classname="runner.RegressionTestNgRunner" name="runScenario" time="4.004"/>
  <testcase classname="runner.RegressionTestNgRunner" name="runScenario" time="4.632"/>
  <testcase classname="runner.RegressionTestNgRunner" name="runScenario" time="3.611"/>
  <testcase classname="runner.RegressionTestNgRunner" name="runScenario" time="5.936"/>
  <testcase classname="runner.RegressionTestNgRunner" name="runScenario" time="3.090"/>
  <testcase classname="runner.RegressionTestNgRunner" name="runScenario" time="4.090"/>
  <testcase classname="runner.RegressionTestNgRunner" name="runScenario" time="2.890"/>
</testsuite> <!-- runner.RegressionTestNgRunner -->
